[debug] [2024-05-23T07:35:30.867Z] ----------------------------------------------------------------------
[debug] [2024-05-23T07:35:30.870Z] Command:       C:\Program Files\nodejs\node.exe C:\Users\andur\AppData\Roaming\npm\node_modules\firebase-tools\lib\bin\firebase.js init
[debug] [2024-05-23T07:35:30.870Z] CLI Version:   13.10.0
[debug] [2024-05-23T07:35:30.870Z] Platform:      win32
[debug] [2024-05-23T07:35:30.871Z] Node Version:  v20.13.1
[debug] [2024-05-23T07:35:30.871Z] Time:          Thu May 23 2024 10:35:30 GMT+0300 (Eastern European Summer Time)
[debug] [2024-05-23T07:35:30.871Z] ----------------------------------------------------------------------
[debug] 
[debug] [2024-05-23T07:35:30.878Z] > command requires scopes: ["email","openid","https://www.googleapis.com/auth/cloudplatformprojects.readonly","https://www.googleapis.com/auth/firebase","https://www.googleapis.com/auth/cloud-platform"]
[debug] [2024-05-23T07:35:30.878Z] > authorizing via signed-in user (alexandraelena.andurnache@ulbsibiu.ro)
[info] 
     ######## #### ########  ######## ########     ###     ######  ########
     ##        ##  ##     ## ##       ##     ##  ##   ##  ##       ##
     ######    ##  ########  ######   ########  #########  ######  ######
     ##        ##  ##    ##  ##       ##     ## ##     ##       ## ##
     ##       #### ##     ## ######## ########  ##     ##  ######  ########

You're about to initialize a Firebase project in this directory:

  C:\Users\andur\PetfinderFirebaseApp

[info] 
=== Project Setup
[info] 
[info] First, let's associate this project directory with a Firebase project.
[info] You can create multiple project aliases by running firebase use --add, 
[info] but for now we'll just set up a default project.
[info] 
[debug] [2024-05-23T07:36:11.689Z] >>> [apiv2][query] GET https://firebase.googleapis.com/v1beta1/projects pageSize=100
[debug] [2024-05-23T07:36:12.555Z] <<< [apiv2][status] GET https://firebase.googleapis.com/v1beta1/projects 200
[debug] [2024-05-23T07:36:12.556Z] <<< [apiv2][body] GET https://firebase.googleapis.com/v1beta1/projects [omitted]
[info] i  Using project petfinder-a877d (Petfinder) 
[info] 
=== Hosting Setup
[debug] [2024-05-23T07:36:21.040Z] >>> [apiv2][query] GET https://firebase.googleapis.com/v1beta1/projects/petfinder-a877d [none]
[debug] [2024-05-23T07:36:21.861Z] <<< [apiv2][status] GET https://firebase.googleapis.com/v1beta1/projects/petfinder-a877d 200
[debug] [2024-05-23T07:36:21.862Z] <<< [apiv2][body] GET https://firebase.googleapis.com/v1beta1/projects/petfinder-a877d {"projectId":"petfinder-a877d","projectNumber":"15112357500","displayName":"Petfinder","name":"projects/petfinder-a877d","resources":{"hostingSite":"petfinder-a877d"},"state":"ACTIVE","etag":"1_7bbd24ab-76e8-48b4-9280-b0d1e17c3a6b"}
[info] 
[info] Your public directory is the folder (relative to your project directory) that
[info] will contain Hosting assets to be uploaded with firebase deploy. If you
[info] have a build process for your assets, use your build's output directory.
[info] 
[info] +  Wrote public/404.html 
[debug] [2024-05-23T07:36:48.372Z] >>> [apiv2][query] GET https://www.gstatic.com/firebasejs/releases.json [none]
[debug] [2024-05-23T07:36:48.727Z] <<< [apiv2][status] GET https://www.gstatic.com/firebasejs/releases.json 200
[debug] [2024-05-23T07:36:48.727Z] <<< [apiv2][body] GET https://www.gstatic.com/firebasejs/releases.json {"current":{"version":"10.12.1","browserURL":"https://www.gstatic.com/firebasejs/10.12.1/firebase.js","packageURL":"https://www.gstatic.com/firebasejs/10.12.1/firebase.tgz"},"live":{"version":"10.12","browserURL":"https://www.gstatic.com/firebasejs/live/10.12/firebase.js","packageURL":"https://www.gstatic.com/firebasejs/live/10.12/firebase.tgz"},"components":{"analytics":"https://www.gstatic.com/firebasejs/10.12.1/firebase-analytics.js","app":"https://www.gstatic.com/firebasejs/10.12.1/firebase-app.js","app-check":"https://www.gstatic.com/firebasejs/10.12.1/firebase-app-check.js","auth":"https://www.gstatic.com/firebasejs/10.12.1/firebase-auth.js","auth/cordova":"https://www.gstatic.com/firebasejs/10.12.1/firebase-auth/cordova.js","auth/web-extension":"https://www.gstatic.com/firebasejs/10.12.1/firebase-auth/web-extension.js","functions":"https://www.gstatic.com/firebasejs/10.12.1/firebase-functions.js","firestore":"https://www.gstatic.com/firebasejs/10.12.1/firebase-firestore.js","firestore/lite":"https://www.gstatic.com/firebasejs/10.12.1/firebase-firestore/lite.js","installations":"https://www.gstatic.com/firebasejs/10.12.1/firebase-installations.js","storage":"https://www.gstatic.com/firebasejs/10.12.1/firebase-storage.js","performance":"https://www.gstatic.com/firebasejs/10.12.1/firebase-performance.js","remote-config":"https://www.gstatic.com/firebasejs/10.12.1/firebase-remote-config.js","messaging":"https://www.gstatic.com/firebasejs/10.12.1/firebase-messaging.js","messaging/sw":"https://www.gstatic.com/firebasejs/10.12.1/firebase-messaging/sw.js","database":"https://www.gstatic.com/firebasejs/10.12.1/firebase-database.js","vertexai-preview":"https://www.gstatic.com/firebasejs/10.12.1/firebase-vertexai-preview.js","firestore.memory":"https://www.gstatic.com/firebasejs/10.12.1/firebase-firestore.memory.js"}}
[info] +  Wrote public/index.html 
[info] 
[info] i  Didn't detect a .git folder. Assuming C:\Users\andur\PetfinderFirebaseApp is the project root. 
[info] i  Authorizing with GitHub to upload your service account to a GitHub repository's secrets store. 
[info] 
[info] Visit this URL on this device to log in:
[info] https://github.com/login/oauth/authorize?client_id=89cf50f02ac6aaed3484&state=142660337&redirect_uri=http%3A%2F%2Flocalhost%3A9005&scope=read%3Auser%20repo%20public_repo
[info] 
[info] Waiting for authentication...
[debug] [2024-05-23T07:37:22.321Z] >>> [apiv2][query] POST https://github.com/login/oauth/access_token [none]
[debug] [2024-05-23T07:37:22.321Z] >>> [apiv2][body] POST https://github.com/login/oauth/access_token [stream]
[debug] [2024-05-23T07:37:23.100Z] <<< [apiv2][status] POST https://github.com/login/oauth/access_token 200
[debug] [2024-05-23T07:37:23.100Z] <<< [apiv2][body] POST https://github.com/login/oauth/access_token {"access_token":"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","token_type":"bearer","scope":"read:user,repo"}
[debug] [2024-05-23T07:37:23.113Z] >>> [apiv2][query] GET https://api.github.com/user [none]
[debug] [2024-05-23T07:37:23.713Z] <<< [apiv2][status] GET https://api.github.com/user 200
[debug] [2024-05-23T07:37:23.713Z] <<< [apiv2][body] GET https://api.github.com/user {"login":"alexandra013","id":162130913,"node_id":"U_kgDOCanr4Q","avatar_url":"https://avatars.githubusercontent.com/u/162130913?v=4","gravatar_id":"","url":"https://api.github.com/users/alexandra013","html_url":"https://github.com/alexandra013","followers_url":"https://api.github.com/users/alexandra013/followers","following_url":"https://api.github.com/users/alexandra013/following{/other_user}","gists_url":"https://api.github.com/users/alexandra013/gists{/gist_id}","starred_url":"https://api.github.com/users/alexandra013/starred{/owner}{/repo}","subscriptions_url":"https://api.github.com/users/alexandra013/subscriptions","organizations_url":"https://api.github.com/users/alexandra013/orgs","repos_url":"https://api.github.com/users/alexandra013/repos","events_url":"https://api.github.com/users/alexandra013/events{/privacy}","received_events_url":"https://api.github.com/users/alexandra013/received_events","type":"User","site_admin":false,"name":null,"company":null,"blog":"","location":null,"email":null,"hireable":null,"bio":null,"twitter_username":null,"public_repos":0,"public_gists":0,"followers":0,"following":0,"created_at":"2024-03-04T12:28:58Z","updated_at":"2024-05-14T12:25:56Z","private_gists":0,"total_private_repos":16,"owned_private_repos":16,"disk_usage":1338,"collaborators":0,"two_factor_authentication":true,"plan":{"name":"pro","space":976562499,"collaborators":0,"private_repos":9999}}
[info] 
[info] +  Success! Logged into GitHub as alexandra013 
[info] 
